<?xml version="1.0" encoding="UTF-8"?>
<coverage generated="1644342389176" clover="3.2.0">
  <project timestamp="1644342389176" name="All files">
    <metrics statements="64" coveredstatements="64" conditionals="59" coveredconditionals="53" methods="17" coveredmethods="17" elements="140" coveredelements="134" complexity="0" loc="64" ncloc="64" packages="1" files="1" classes="1"/>
    <file name="main.js" path="C:\dev\ada\adacoin\src\main.js">
      <metrics statements="64" coveredstatements="64" conditionals="59" coveredconditionals="53" methods="17" coveredmethods="17"/>
      <line num="1" count="1" type="stmt"/>
      <line num="3" count="1" type="stmt"/>
      <line num="4" count="32" type="cond" truecount="2" falsecount="0"/>
      <line num="5" count="31" type="cond" truecount="1" falsecount="1"/>
      <line num="10" count="83" type="cond" truecount="4" falsecount="0"/>
      <line num="11" count="83" type="stmt"/>
      <line num="12" count="83" type="cond" truecount="2" falsecount="0"/>
      <line num="13" count="83" type="stmt"/>
      <line num="14" count="83" type="stmt"/>
      <line num="17" count="83" type="cond" truecount="5" falsecount="0"/>
      <line num="18" count="83" type="stmt"/>
      <line num="20" count="83" type="stmt"/>
      <line num="24" count="74" type="cond" truecount="6" falsecount="0"/>
      <line num="28" count="134" type="stmt"/>
      <line num="29" count="134" type="stmt"/>
      <line num="33" count="36" type="cond" truecount="1" falsecount="1"/>
      <line num="34" count="36" type="stmt"/>
      <line num="35" count="112" type="cond" truecount="4" falsecount="0"/>
      <line num="37" count="33" type="stmt"/>
      <line num="42" count="37" type="cond" truecount="2" falsecount="0"/>
      <line num="48" count="18" type="stmt"/>
      <line num="52" count="18" type="stmt"/>
      <line num="56" count="23" type="stmt"/>
      <line num="60" count="34" type="cond" truecount="4" falsecount="0"/>
      <line num="62" count="25" type="cond" truecount="2" falsecount="0"/>
      <line num="64" count="23" type="stmt"/>
      <line num="65" count="23" type="stmt"/>
      <line num="67" count="23" type="stmt"/>
      <line num="68" count="23" type="stmt"/>
      <line num="72" count="1" type="stmt"/>
      <line num="73" count="1" type="stmt"/>
      <line num="74" count="4" type="cond" truecount="2" falsecount="0"/>
      <line num="75" count="1" type="stmt"/>
      <line num="77" count="3" type="stmt"/>
      <line num="78" count="3" type="stmt"/>
      <line num="79" count="3" type="stmt"/>
      <line num="81" count="3" type="stmt"/>
      <line num="82" count="3" type="stmt"/>
      <line num="83" count="3" type="stmt"/>
      <line num="89" count="13" type="cond" truecount="1" falsecount="1"/>
      <line num="90" count="13" type="cond" truecount="3" falsecount="1"/>
      <line num="94" count="7" type="stmt"/>
      <line num="95" count="21" type="cond" truecount="2" falsecount="0"/>
      <line num="97" count="2" type="stmt"/>
      <line num="101" count="4" type="stmt"/>
      <line num="102" count="4" type="stmt"/>
      <line num="104" count="4" type="cond" truecount="2" falsecount="0"/>
      <line num="105" count="4" type="stmt"/>
      <line num="107" count="4" type="stmt"/>
      <line num="108" count="19" type="stmt"/>
      <line num="110" count="19" type="cond" truecount="4" falsecount="0"/>
      <line num="111" count="12" type="stmt"/>
      <line num="114" count="4" type="stmt"/>
      <line num="118" count="25" type="cond" truecount="1" falsecount="1"/>
      <line num="119" count="25" type="stmt"/>
      <line num="120" count="25" type="cond" truecount="1" falsecount="1"/>
      <line num="121" count="25" type="stmt"/>
      <line num="123" count="25" type="cond" truecount="2" falsecount="0"/>
      <line num="124" count="4" type="stmt"/>
      <line num="127" count="21" type="cond" truecount="2" falsecount="0"/>
      <line num="128" count="4" type="stmt"/>
      <line num="130" count="17" type="stmt"/>
      <line num="134" count="1" type="stmt"/>
      <line num="196" count="1" type="stmt"/>
    </file>
  </project>
</coverage>
