{"C:\\dev\\ada\\adacoin\\src\\main.js": {"path":"C:\\dev\\ada\\adacoin\\src\\main.js","statementMap":{"0":{"start":{"line":1,"column":15},"end":{"line":1,"column":42}},"1":{"start":{"line":3,"column":0},"end":{"line":6,"column":1}},"2":{"start":{"line":4,"column":4},"end":{"line":4,"column":63}},"3":{"start":{"line":4,"column":54},"end":{"line":4,"column":63}},"4":{"start":{"line":5,"column":4},"end":{"line":5,"column":53}},"5":{"start":{"line":10,"column":8},"end":{"line":10,"column":112}},"6":{"start":{"line":11,"column":8},"end":{"line":11,"column":48}},"7":{"start":{"line":12,"column":8},"end":{"line":12,"column":90}},"8":{"start":{"line":13,"column":8},"end":{"line":13,"column":45}},"9":{"start":{"line":14,"column":8},"end":{"line":14,"column":26}},"10":{"start":{"line":17,"column":24},"end":{"line":17,"column":149}},"11":{"start":{"line":18,"column":8},"end":{"line":18,"column":59}},"12":{"start":{"line":18,"column":39},"end":{"line":18,"column":56}},"13":{"start":{"line":20,"column":8},"end":{"line":20,"column":41}},"14":{"start":{"line":24,"column":8},"end":{"line":24,"column":156}},"15":{"start":{"line":28,"column":19},"end":{"line":28,"column":89}},"16":{"start":{"line":29,"column":8},"end":{"line":29,"column":31}},"17":{"start":{"line":33,"column":8},"end":{"line":38,"column":9}},"18":{"start":{"line":34,"column":12},"end":{"line":36,"column":13}},"19":{"start":{"line":34,"column":25},"end":{"line":34,"column":26}},"20":{"start":{"line":35,"column":16},"end":{"line":35,"column":96}},"21":{"start":{"line":35,"column":81},"end":{"line":35,"column":94}},"22":{"start":{"line":37,"column":12},"end":{"line":37,"column":24}},"23":{"start":{"line":42,"column":8},"end":{"line":42,"column":56}},"24":{"start":{"line":48,"column":8},"end":{"line":48,"column":46}},"25":{"start":{"line":52,"column":8},"end":{"line":52,"column":54}},"26":{"start":{"line":56,"column":8},"end":{"line":56,"column":50}},"27":{"start":{"line":60,"column":8},"end":{"line":60,"column":85}},"28":{"start":{"line":60,"column":70},"end":{"line":60,"column":83}},"29":{"start":{"line":62,"column":8},"end":{"line":62,"column":55}},"30":{"start":{"line":62,"column":40},"end":{"line":62,"column":53}},"31":{"start":{"line":64,"column":8},"end":{"line":64,"column":50}},"32":{"start":{"line":65,"column":8},"end":{"line":65,"column":49}},"33":{"start":{"line":67,"column":8},"end":{"line":67,"column":34}},"34":{"start":{"line":68,"column":8},"end":{"line":68,"column":20}},"35":{"start":{"line":72,"column":24},"end":{"line":72,"column":45}},"36":{"start":{"line":73,"column":8},"end":{"line":85,"column":9}},"37":{"start":{"line":74,"column":12},"end":{"line":84,"column":13}},"38":{"start":{"line":75,"column":16},"end":{"line":75,"column":28}},"39":{"start":{"line":77,"column":16},"end":{"line":77,"column":81}},"40":{"start":{"line":78,"column":28},"end":{"line":78,"column":52}},"41":{"start":{"line":79,"column":27},"end":{"line":79,"column":53}},"42":{"start":{"line":81,"column":16},"end":{"line":81,"column":43}},"43":{"start":{"line":82,"column":16},"end":{"line":82,"column":51}},"44":{"start":{"line":83,"column":16},"end":{"line":83,"column":28}},"45":{"start":{"line":89,"column":8},"end":{"line":89,"column":44}},"46":{"start":{"line":89,"column":25},"end":{"line":89,"column":42}},"47":{"start":{"line":90,"column":8},"end":{"line":90,"column":70}},"48":{"start":{"line":90,"column":47},"end":{"line":90,"column":69}},"49":{"start":{"line":94,"column":8},"end":{"line":96,"column":9}},"50":{"start":{"line":94,"column":21},"end":{"line":94,"column":22}},"51":{"start":{"line":95,"column":12},"end":{"line":95,"column":57}},"52":{"start":{"line":95,"column":42},"end":{"line":95,"column":55}},"53":{"start":{"line":97,"column":8},"end":{"line":97,"column":20}},"54":{"start":{"line":101,"column":18},"end":{"line":101,"column":19}},"55":{"start":{"line":102,"column":21},"end":{"line":102,"column":85}},"56":{"start":{"line":104,"column":8},"end":{"line":104,"column":63}},"57":{"start":{"line":104,"column":43},"end":{"line":104,"column":61}},"58":{"start":{"line":105,"column":20},"end":{"line":105,"column":46}},"59":{"start":{"line":107,"column":8},"end":{"line":113,"column":9}},"60":{"start":{"line":107,"column":21},"end":{"line":107,"column":22}},"61":{"start":{"line":108,"column":26},"end":{"line":108,"column":39}},"62":{"start":{"line":110,"column":12},"end":{"line":112,"column":13}},"63":{"start":{"line":111,"column":16},"end":{"line":111,"column":36}},"64":{"start":{"line":114,"column":8},"end":{"line":114,"column":30}},"65":{"start":{"line":118,"column":8},"end":{"line":118,"column":41}},"66":{"start":{"line":118,"column":26},"end":{"line":118,"column":39}},"67":{"start":{"line":119,"column":24},"end":{"line":119,"column":39}},"68":{"start":{"line":120,"column":8},"end":{"line":120,"column":49}},"69":{"start":{"line":120,"column":34},"end":{"line":120,"column":47}},"70":{"start":{"line":121,"column":21},"end":{"line":121,"column":38}},"71":{"start":{"line":123,"column":8},"end":{"line":125,"column":9}},"72":{"start":{"line":124,"column":12},"end":{"line":124,"column":25}},"73":{"start":{"line":127,"column":8},"end":{"line":129,"column":9}},"74":{"start":{"line":128,"column":12},"end":{"line":128,"column":25}},"75":{"start":{"line":130,"column":8},"end":{"line":130,"column":20}},"76":{"start":{"line":134,"column":8},"end":{"line":134,"column":29}},"77":{"start":{"line":196,"column":0},"end":{"line":196,"column":33}}},"fnMap":{"0":{"name":"(anonymous_0)","decl":{"start":{"line":3,"column":33},"end":{"line":3,"column":34}},"loc":{"start":{"line":3,"column":45},"end":{"line":6,"column":1}},"line":3},"1":{"name":"(anonymous_1)","decl":{"start":{"line":9,"column":4},"end":{"line":9,"column":5}},"loc":{"start":{"line":9,"column":35},"end":{"line":21,"column":5}},"line":9},"2":{"name":"(anonymous_2)","decl":{"start":{"line":18,"column":26},"end":{"line":18,"column":27}},"loc":{"start":{"line":18,"column":37},"end":{"line":18,"column":58}},"line":18},"3":{"name":"(anonymous_3)","decl":{"start":{"line":23,"column":4},"end":{"line":23,"column":5}},"loc":{"start":{"line":23,"column":17},"end":{"line":25,"column":5}},"line":23},"4":{"name":"(anonymous_4)","decl":{"start":{"line":27,"column":4},"end":{"line":27,"column":5}},"loc":{"start":{"line":27,"column":20},"end":{"line":30,"column":5}},"line":27},"5":{"name":"(anonymous_5)","decl":{"start":{"line":32,"column":4},"end":{"line":32,"column":5}},"loc":{"start":{"line":32,"column":20},"end":{"line":39,"column":5}},"line":32},"6":{"name":"(anonymous_6)","decl":{"start":{"line":41,"column":4},"end":{"line":41,"column":5}},"loc":{"start":{"line":41,"column":28},"end":{"line":43,"column":5}},"line":41},"7":{"name":"(anonymous_7)","decl":{"start":{"line":47,"column":4},"end":{"line":47,"column":5}},"loc":{"start":{"line":47,"column":18},"end":{"line":49,"column":5}},"line":47},"8":{"name":"(anonymous_8)","decl":{"start":{"line":51,"column":4},"end":{"line":51,"column":5}},"loc":{"start":{"line":51,"column":19},"end":{"line":53,"column":5}},"line":51},"9":{"name":"(anonymous_9)","decl":{"start":{"line":55,"column":4},"end":{"line":55,"column":5}},"loc":{"start":{"line":55,"column":16},"end":{"line":57,"column":5}},"line":55},"10":{"name":"(anonymous_10)","decl":{"start":{"line":59,"column":4},"end":{"line":59,"column":5}},"loc":{"start":{"line":59,"column":23},"end":{"line":69,"column":5}},"line":59},"11":{"name":"(anonymous_11)","decl":{"start":{"line":71,"column":4},"end":{"line":71,"column":5}},"loc":{"start":{"line":71,"column":20},"end":{"line":86,"column":5}},"line":71},"12":{"name":"(anonymous_12)","decl":{"start":{"line":88,"column":4},"end":{"line":88,"column":5}},"loc":{"start":{"line":88,"column":17},"end":{"line":91,"column":5}},"line":88},"13":{"name":"(anonymous_13)","decl":{"start":{"line":93,"column":4},"end":{"line":93,"column":5}},"loc":{"start":{"line":93,"column":14},"end":{"line":98,"column":5}},"line":93},"14":{"name":"(anonymous_14)","decl":{"start":{"line":100,"column":4},"end":{"line":100,"column":5}},"loc":{"start":{"line":100,"column":19},"end":{"line":115,"column":5}},"line":100},"15":{"name":"(anonymous_15)","decl":{"start":{"line":117,"column":4},"end":{"line":117,"column":5}},"loc":{"start":{"line":117,"column":23},"end":{"line":131,"column":5}},"line":117},"16":{"name":"(anonymous_16)","decl":{"start":{"line":133,"column":4},"end":{"line":133,"column":5}},"loc":{"start":{"line":133,"column":14},"end":{"line":135,"column":5}},"line":133}},"branchMap":{"0":{"loc":{"start":{"line":4,"column":4},"end":{"line":4,"column":63}},"type":"if","locations":[{"start":{"line":4,"column":4},"end":{"line":4,"column":63}},{"start":{},"end":{}}],"line":4},"1":{"loc":{"start":{"line":5,"column":11},"end":{"line":5,"column":52}},"type":"binary-expr","locations":[{"start":{"line":5,"column":11},"end":{"line":5,"column":47}},{"start":{"line":5,"column":51},"end":{"line":5,"column":52}}],"line":5},"2":{"loc":{"start":{"line":10,"column":20},"end":{"line":10,"column":111}},"type":"cond-expr","locations":[{"start":{"line":10,"column":85},"end":{"line":10,"column":99}},{"start":{"line":10,"column":102},"end":{"line":10,"column":111}}],"line":10},"3":{"loc":{"start":{"line":10,"column":20},"end":{"line":10,"column":82}},"type":"binary-expr","locations":[{"start":{"line":10,"column":20},"end":{"line":10,"column":40}},{"start":{"line":10,"column":44},"end":{"line":10,"column":82}}],"line":10},"4":{"loc":{"start":{"line":12,"column":19},"end":{"line":12,"column":89}},"type":"cond-expr","locations":[{"start":{"line":12,"column":59},"end":{"line":12,"column":77}},{"start":{"line":12,"column":80},"end":{"line":12,"column":89}}],"line":12},"5":{"loc":{"start":{"line":17,"column":24},"end":{"line":17,"column":149}},"type":"binary-expr","locations":[{"start":{"line":17,"column":24},"end":{"line":17,"column":41}},{"start":{"line":17,"column":45},"end":{"line":17,"column":62}},{"start":{"line":17,"column":66},"end":{"line":17,"column":87}},{"start":{"line":17,"column":91},"end":{"line":17,"column":123}},{"start":{"line":17,"column":127},"end":{"line":17,"column":149}}],"line":17},"6":{"loc":{"start":{"line":24,"column":15},"end":{"line":24,"column":155}},"type":"binary-expr","locations":[{"start":{"line":24,"column":16},"end":{"line":24,"column":37}},{"start":{"line":24,"column":42},"end":{"line":24,"column":62}},{"start":{"line":24,"column":66},"end":{"line":24,"column":81}},{"start":{"line":24,"column":88},"end":{"line":24,"column":110}},{"start":{"line":24,"column":115},"end":{"line":24,"column":130}},{"start":{"line":24,"column":134},"end":{"line":24,"column":153}}],"line":24},"7":{"loc":{"start":{"line":33,"column":8},"end":{"line":38,"column":9}},"type":"if","locations":[{"start":{"line":33,"column":8},"end":{"line":38,"column":9}},{"start":{},"end":{}}],"line":33},"8":{"loc":{"start":{"line":35,"column":16},"end":{"line":35,"column":96}},"type":"if","locations":[{"start":{"line":35,"column":16},"end":{"line":35,"column":96}},{"start":{},"end":{}}],"line":35},"9":{"loc":{"start":{"line":35,"column":20},"end":{"line":35,"column":77}},"type":"binary-expr","locations":[{"start":{"line":35,"column":20},"end":{"line":35,"column":51}},{"start":{"line":35,"column":55},"end":{"line":35,"column":77}}],"line":35},"10":{"loc":{"start":{"line":42,"column":15},"end":{"line":42,"column":56}},"type":"binary-expr","locations":[{"start":{"line":42,"column":15},"end":{"line":42,"column":32}},{"start":{"line":42,"column":36},"end":{"line":42,"column":56}}],"line":42},"11":{"loc":{"start":{"line":60,"column":8},"end":{"line":60,"column":85}},"type":"if","locations":[{"start":{"line":60,"column":8},"end":{"line":60,"column":85}},{"start":{},"end":{}}],"line":60},"12":{"loc":{"start":{"line":60,"column":12},"end":{"line":60,"column":66}},"type":"binary-expr","locations":[{"start":{"line":60,"column":12},"end":{"line":60,"column":40}},{"start":{"line":60,"column":44},"end":{"line":60,"column":66}}],"line":60},"13":{"loc":{"start":{"line":62,"column":8},"end":{"line":62,"column":55}},"type":"if","locations":[{"start":{"line":62,"column":8},"end":{"line":62,"column":55}},{"start":{},"end":{}}],"line":62},"14":{"loc":{"start":{"line":74,"column":12},"end":{"line":84,"column":13}},"type":"if","locations":[{"start":{"line":74,"column":12},"end":{"line":84,"column":13}},{"start":{"line":76,"column":19},"end":{"line":84,"column":13}}],"line":74},"15":{"loc":{"start":{"line":89,"column":8},"end":{"line":89,"column":44}},"type":"if","locations":[{"start":{"line":89,"column":8},"end":{"line":89,"column":44}},{"start":{},"end":{}}],"line":89},"16":{"loc":{"start":{"line":90,"column":8},"end":{"line":90,"column":70}},"type":"if","locations":[{"start":{"line":90,"column":8},"end":{"line":90,"column":70}},{"start":{},"end":{}}],"line":90},"17":{"loc":{"start":{"line":90,"column":12},"end":{"line":90,"column":45}},"type":"binary-expr","locations":[{"start":{"line":90,"column":12},"end":{"line":90,"column":19}},{"start":{"line":90,"column":23},"end":{"line":90,"column":45}}],"line":90},"18":{"loc":{"start":{"line":95,"column":12},"end":{"line":95,"column":57}},"type":"if","locations":[{"start":{"line":95,"column":12},"end":{"line":95,"column":57}},{"start":{},"end":{}}],"line":95},"19":{"loc":{"start":{"line":104,"column":8},"end":{"line":104,"column":63}},"type":"if","locations":[{"start":{"line":104,"column":8},"end":{"line":104,"column":63}},{"start":{},"end":{}}],"line":104},"20":{"loc":{"start":{"line":110,"column":12},"end":{"line":112,"column":13}},"type":"if","locations":[{"start":{"line":110,"column":12},"end":{"line":112,"column":13}},{"start":{},"end":{}}],"line":110},"21":{"loc":{"start":{"line":110,"column":16},"end":{"line":110,"column":56}},"type":"binary-expr","locations":[{"start":{"line":110,"column":16},"end":{"line":110,"column":34}},{"start":{"line":110,"column":38},"end":{"line":110,"column":56}}],"line":110},"22":{"loc":{"start":{"line":118,"column":8},"end":{"line":118,"column":41}},"type":"if","locations":[{"start":{"line":118,"column":8},"end":{"line":118,"column":41}},{"start":{},"end":{}}],"line":118},"23":{"loc":{"start":{"line":120,"column":8},"end":{"line":120,"column":49}},"type":"if","locations":[{"start":{"line":120,"column":8},"end":{"line":120,"column":49}},{"start":{},"end":{}}],"line":120},"24":{"loc":{"start":{"line":123,"column":8},"end":{"line":125,"column":9}},"type":"if","locations":[{"start":{"line":123,"column":8},"end":{"line":125,"column":9}},{"start":{},"end":{}}],"line":123},"25":{"loc":{"start":{"line":127,"column":8},"end":{"line":129,"column":9}},"type":"if","locations":[{"start":{"line":127,"column":8},"end":{"line":129,"column":9}},{"start":{},"end":{}}],"line":127}},"s":{"0":1,"1":1,"2":32,"3":1,"4":31,"5":83,"6":83,"7":83,"8":83,"9":83,"10":83,"11":83,"12":71,"13":83,"14":74,"15":134,"16":134,"17":36,"18":36,"19":36,"20":112,"21":3,"22":33,"23":37,"24":18,"25":18,"26":23,"27":34,"28":9,"29":25,"30":2,"31":23,"32":23,"33":23,"34":23,"35":1,"36":1,"37":4,"38":1,"39":3,"40":3,"41":3,"42":3,"43":3,"44":3,"45":13,"46":0,"47":13,"48":13,"49":7,"50":7,"51":21,"52":5,"53":2,"54":4,"55":4,"56":4,"57":2,"58":4,"59":4,"60":4,"61":19,"62":19,"63":12,"64":4,"65":25,"66":0,"67":25,"68":25,"69":0,"70":25,"71":25,"72":4,"73":21,"74":4,"75":17,"76":1,"77":1},"f":{"0":32,"1":83,"2":71,"3":74,"4":134,"5":36,"6":37,"7":18,"8":18,"9":23,"10":34,"11":1,"12":13,"13":7,"14":4,"15":25,"16":1},"b":{"0":[1,31],"1":[31,0],"2":[74,9],"3":[83,79],"4":[65,18],"5":[83,74,32,32,30],"6":[74,15,13,67,31,27],"7":[36,0],"8":[3,109],"9":[112,9],"10":[37,11],"11":[9,25],"12":[34,34],"13":[2,23],"14":[1,3],"15":[0,13],"16":[13,0],"17":[13,13],"18":[5,16],"19":[2,2],"20":[12,7],"21":[19,10],"22":[0,25],"23":[0,25],"24":[4,21],"25":[4,17]},"_coverageSchema":"1a1c01bbd47fc00a2c39e90264f33305004495a9","hash":"96dc06044e433bd23e1f44a767234c78880d414d"}
}
