TN:
SF:src\main.js
FN:3,(anonymous_0)
FN:9,(anonymous_1)
FN:18,(anonymous_2)
FN:23,(anonymous_3)
FN:27,(anonymous_4)
FN:32,(anonymous_5)
FN:41,(anonymous_6)
FN:47,(anonymous_7)
FN:51,(anonymous_8)
FN:55,(anonymous_9)
FN:59,(anonymous_10)
FN:71,(anonymous_11)
FN:88,(anonymous_12)
FN:93,(anonymous_13)
FN:100,(anonymous_14)
FN:117,(anonymous_15)
FN:133,(anonymous_16)
FNF:17
FNH:17
FNDA:32,(anonymous_0)
FNDA:83,(anonymous_1)
FNDA:71,(anonymous_2)
FNDA:74,(anonymous_3)
FNDA:134,(anonymous_4)
FNDA:36,(anonymous_5)
FNDA:37,(anonymous_6)
FNDA:18,(anonymous_7)
FNDA:18,(anonymous_8)
FNDA:23,(anonymous_9)
FNDA:34,(anonymous_10)
FNDA:1,(anonymous_11)
FNDA:13,(anonymous_12)
FNDA:7,(anonymous_13)
FNDA:4,(anonymous_14)
FNDA:25,(anonymous_15)
FNDA:1,(anonymous_16)
DA:1,1
DA:3,1
DA:4,32
DA:5,31
DA:10,83
DA:11,83
DA:12,83
DA:13,83
DA:14,83
DA:17,83
DA:18,83
DA:20,83
DA:24,74
DA:28,134
DA:29,134
DA:33,36
DA:34,36
DA:35,112
DA:37,33
DA:42,37
DA:48,18
DA:52,18
DA:56,23
DA:60,34
DA:62,25
DA:64,23
DA:65,23
DA:67,23
DA:68,23
DA:72,1
DA:73,1
DA:74,4
DA:75,1
DA:77,3
DA:78,3
DA:79,3
DA:81,3
DA:82,3
DA:83,3
DA:89,13
DA:90,13
DA:94,7
DA:95,21
DA:97,2
DA:101,4
DA:102,4
DA:104,4
DA:105,4
DA:107,4
DA:108,19
DA:110,19
DA:111,12
DA:114,4
DA:118,25
DA:119,25
DA:120,25
DA:121,25
DA:123,25
DA:124,4
DA:127,21
DA:128,4
DA:130,17
DA:134,1
DA:196,1
LF:64
LH:64
BRDA:4,0,0,1
BRDA:4,0,1,31
BRDA:5,1,0,31
BRDA:5,1,1,0
BRDA:10,2,0,74
BRDA:10,2,1,9
BRDA:10,3,0,83
BRDA:10,3,1,79
BRDA:12,4,0,65
BRDA:12,4,1,18
BRDA:17,5,0,83
BRDA:17,5,1,74
BRDA:17,5,2,32
BRDA:17,5,3,32
BRDA:17,5,4,30
BRDA:24,6,0,74
BRDA:24,6,1,15
BRDA:24,6,2,13
BRDA:24,6,3,67
BRDA:24,6,4,31
BRDA:24,6,5,27
BRDA:33,7,0,36
BRDA:33,7,1,0
BRDA:35,8,0,3
BRDA:35,8,1,109
BRDA:35,9,0,112
BRDA:35,9,1,9
BRDA:42,10,0,37
BRDA:42,10,1,11
BRDA:60,11,0,9
BRDA:60,11,1,25
BRDA:60,12,0,34
BRDA:60,12,1,34
BRDA:62,13,0,2
BRDA:62,13,1,23
BRDA:74,14,0,1
BRDA:74,14,1,3
BRDA:89,15,0,0
BRDA:89,15,1,13
BRDA:90,16,0,13
BRDA:90,16,1,0
BRDA:90,17,0,13
BRDA:90,17,1,13
BRDA:95,18,0,5
BRDA:95,18,1,16
BRDA:104,19,0,2
BRDA:104,19,1,2
BRDA:110,20,0,12
BRDA:110,20,1,7
BRDA:110,21,0,19
BRDA:110,21,1,10
BRDA:118,22,0,0
BRDA:118,22,1,25
BRDA:120,23,0,0
BRDA:120,23,1,25
BRDA:123,24,0,4
BRDA:123,24,1,21
BRDA:127,25,0,4
BRDA:127,25,1,17
BRF:59
BRH:53
end_of_record
